\BOOKMARK [0][-]{chapter.1}{Introduction}{}% 1
\BOOKMARK [1][-]{section.1.1}{Motivation}{chapter.1}% 2
\BOOKMARK [1][-]{section.1.2}{Research Question}{chapter.1}% 3
\BOOKMARK [1][-]{section.1.3}{Objectives}{chapter.1}% 4
\BOOKMARK [1][-]{section.1.4}{Overview}{chapter.1}% 5
\BOOKMARK [0][-]{chapter.2}{Literature Review}{}% 6
\BOOKMARK [1][-]{section.2.1}{Automatic Text Summarisation}{chapter.2}% 7
\BOOKMARK [2][-]{subsection.2.1.1}{Summary Characteristics}{section.2.1}% 8
\BOOKMARK [2][-]{subsection.2.1.2}{Types of Summaries}{section.2.1}% 9
\BOOKMARK [1][-]{section.2.2}{Tasks of Summarisation}{chapter.2}% 10
\BOOKMARK [2][-]{subsection.2.2.1}{Intermediate Representation}{section.2.2}% 11
\BOOKMARK [2][-]{subsection.2.2.2}{Sentence Scoring}{section.2.2}% 12
\BOOKMARK [2][-]{subsection.2.2.3}{Summary Sentence Selection}{section.2.2}% 13
\BOOKMARK [1][-]{section.2.3}{Extractive Methods of Summarisation}{chapter.2}% 14
\BOOKMARK [2][-]{subsection.2.3.1}{Topic Representation Methods}{section.2.3}% 15
\BOOKMARK [2][-]{subsection.2.3.2}{Indicator Representations and Machine Learning Methods}{section.2.3}% 16
\BOOKMARK [1][-]{section.2.4}{Extractive Techniques for Personalised Text Summarisation}{chapter.2}% 17
\BOOKMARK [2][-]{subsection.2.4.1}{Summary Level Personalised Summarisation}{section.2.4}% 18
\BOOKMARK [2][-]{subsection.2.4.2}{Document Level Personalised Summarisation}{section.2.4}% 19
\BOOKMARK [1][-]{section.2.5}{Evaluation Methods}{chapter.2}% 20
\BOOKMARK [2][-]{subsection.2.5.1}{Human Evaluation}{section.2.5}% 21
\BOOKMARK [2][-]{subsection.2.5.2}{Automatic Evaluation Methods}{section.2.5}% 22
\BOOKMARK [1][-]{section.2.6}{Summary of Review}{chapter.2}% 23
\BOOKMARK [1][-]{section.2.7}{Figures}{chapter.2}% 24
\BOOKMARK [1][-]{section.2.8}{Tables}{chapter.2}% 25
\BOOKMARK [1][-]{section.2.9}{Equations}{chapter.2}% 26
\BOOKMARK [1][-]{section.2.10}{Referencing published work}{chapter.2}% 27
\BOOKMARK [0][-]{chapter.3}{Design}{}% 28
\BOOKMARK [1][-]{section.3.1}{Introduction}{chapter.3}% 29
\BOOKMARK [1][-]{section.3.2}{Requirements of The System}{chapter.3}% 30
\BOOKMARK [1][-]{section.3.3}{Classifying the System}{chapter.3}% 31
\BOOKMARK [1][-]{section.3.4}{Identifying Summarisation Tasks}{chapter.3}% 32
\BOOKMARK [2][-]{subsection.3.4.1}{Task Group 1: Document Specific Tasks}{section.3.4}% 33
\BOOKMARK [2][-]{subsection.3.4.2}{Task Group 2: Summarisation System Tasks}{section.3.4}% 34
\BOOKMARK [2][-]{subsection.3.4.3}{Task Group 3: External Recommender Systems Tasks}{section.3.4}% 35
\BOOKMARK [1][-]{section.3.5}{Selecting Existing Methods}{chapter.3}% 36
\BOOKMARK [2][-]{subsection.3.5.1}{Intermediate Representation}{section.3.5}% 37
\BOOKMARK [2][-]{subsection.3.5.2}{Preprocessing}{section.3.5}% 38
\BOOKMARK [2][-]{subsection.3.5.3}{Document Retrieval}{section.3.5}% 39
\BOOKMARK [2][-]{subsection.3.5.4}{Sentence Scoring and Summary Selection}{section.3.5}% 40
\BOOKMARK [2][-]{subsection.3.5.5}{System Design with Methods}{section.3.5}% 41
\BOOKMARK [1][-]{section.3.6}{Summary of Design}{chapter.3}% 42
\BOOKMARK [0][-]{chapter.4}{Implementation}{}% 43
\BOOKMARK [1][-]{section.4.1}{Model and Corpus Generation}{chapter.4}% 44
\BOOKMARK [2][-]{subsection.4.1.1}{Text Extraction}{section.4.1}% 45
\BOOKMARK [2][-]{subsection.4.1.2}{Concept Extraction}{section.4.1}% 46
\BOOKMARK [2][-]{subsection.4.1.3}{Model Generation}{section.4.1}% 47
\BOOKMARK [2][-]{subsection.4.1.4}{Summary of Model and Corpus Generation}{section.4.1}% 48
\BOOKMARK [1][-]{section.4.2}{Query-Based Document Retrieval}{chapter.4}% 49
\BOOKMARK [2][-]{subsection.4.2.1}{Query Expansion}{section.4.2}% 50
\BOOKMARK [2][-]{subsection.4.2.2}{Query-Based Document Retrieval}{section.4.2}% 51
\BOOKMARK [1][-]{section.4.3}{Summary Generation}{chapter.4}% 52
\BOOKMARK [2][-]{subsection.4.3.1}{Sentence Scoring}{section.4.3}% 53
\BOOKMARK [2][-]{subsection.4.3.2}{Summary Formation}{section.4.3}% 54
\BOOKMARK [1][-]{section.4.4}{Summary}{chapter.4}% 55
\BOOKMARK [0][-]{chapter.5}{Evaluation}{}% 56
\BOOKMARK [1][-]{section.5.1}{Introduction}{chapter.5}% 57
\BOOKMARK [1][-]{section.5.2}{Analysis 1: Comparative Summarisation Evaluation}{chapter.5}% 58
\BOOKMARK [0][-]{chapter.6}{Conclusion}{}% 59
